This is pdfTeX, Version 3.14159265-2.6-1.40.21 (TeX Live 2020) (preloaded format=pdflatex 2020.8.18)  4 FEB 2022 12:50
entering extended mode
 restricted \write18 enabled.
 %&-line parsing enabled.
**radiomics_USA_January_2022.tex
(./radiomics_USA_January_2022.tex
LaTeX2e <2020-02-02> patch level 5
L3 programming layer <2020-08-07> (/Users/au589901/Library/TinyTeX/texmf-dist/t
ex/latex/base/article.cls
Document Class: article 2019/12/20 v1.4l Standard LaTeX document class
(/Users/au589901/Library/TinyTeX/texmf-dist/tex/latex/base/size10.clo
File: size10.clo 2019/12/20 v1.4l Standard LaTeX file (size option)
)
\c@part=\count168
\c@section=\count169
\c@subsection=\count170
\c@subsubsection=\count171
\c@paragraph=\count172
\c@subparagraph=\count173
\c@figure=\count174
\c@table=\count175
\abovecaptionskip=\skip47
\belowcaptionskip=\skip48
\bibindent=\dimen134
) (/Users/au589901/Library/TinyTeX/texmf-dist/tex/latex/lm/lmodern.sty
Package: lmodern 2009/10/30 v1.6 Latin Modern Fonts
LaTeX Font Info:    Overwriting symbol font `operators' in version `normal'
(Font)                  OT1/cmr/m/n --> OT1/lmr/m/n on input line 22.
LaTeX Font Info:    Overwriting symbol font `letters' in version `normal'
(Font)                  OML/cmm/m/it --> OML/lmm/m/it on input line 23.
LaTeX Font Info:    Overwriting symbol font `symbols' in version `normal'
(Font)                  OMS/cmsy/m/n --> OMS/lmsy/m/n on input line 24.
LaTeX Font Info:    Overwriting symbol font `largesymbols' in version `normal'
(Font)                  OMX/cmex/m/n --> OMX/lmex/m/n on input line 25.
LaTeX Font Info:    Overwriting symbol font `operators' in version `bold'
(Font)                  OT1/cmr/bx/n --> OT1/lmr/bx/n on input line 26.
LaTeX Font Info:    Overwriting symbol font `letters' in version `bold'
(Font)                  OML/cmm/b/it --> OML/lmm/b/it on input line 27.
LaTeX Font Info:    Overwriting symbol font `symbols' in version `bold'
(Font)                  OMS/cmsy/b/n --> OMS/lmsy/b/n on input line 28.
LaTeX Font Info:    Overwriting symbol font `largesymbols' in version `bold'
(Font)                  OMX/cmex/m/n --> OMX/lmex/m/n on input line 29.
LaTeX Font Info:    Overwriting math alphabet `\mathbf' in version `normal'
(Font)                  OT1/cmr/bx/n --> OT1/lmr/bx/n on input line 31.
LaTeX Font Info:    Overwriting math alphabet `\mathsf' in version `normal'
(Font)                  OT1/cmss/m/n --> OT1/lmss/m/n on input line 32.
LaTeX Font Info:    Overwriting math alphabet `\mathit' in version `normal'
(Font)                  OT1/cmr/m/it --> OT1/lmr/m/it on input line 33.
LaTeX Font Info:    Overwriting math alphabet `\mathtt' in version `normal'
(Font)                  OT1/cmtt/m/n --> OT1/lmtt/m/n on input line 34.
LaTeX Font Info:    Overwriting math alphabet `\mathbf' in version `bold'
(Font)                  OT1/cmr/bx/n --> OT1/lmr/bx/n on input line 35.
LaTeX Font Info:    Overwriting math alphabet `\mathsf' in version `bold'
(Font)                  OT1/cmss/bx/n --> OT1/lmss/bx/n on input line 36.
LaTeX Font Info:    Overwriting math alphabet `\mathit' in version `bold'
(Font)                  OT1/cmr/bx/it --> OT1/lmr/bx/it on input line 37.
LaTeX Font Info:    Overwriting math alphabet `\mathtt' in version `bold'
(Font)                  OT1/cmtt/m/n --> OT1/lmtt/m/n on input line 38.
) (/Users/au589901/Library/TinyTeX/texmf-dist/tex/latex/amsfonts/amssymb.sty
Package: amssymb 2013/01/14 v3.01 AMS font symbols
(/Users/au589901/Library/TinyTeX/texmf-dist/tex/latex/amsfonts/amsfonts.sty
Package: amsfonts 2013/01/14 v3.01 Basic AMSFonts support
\@emptytoks=\toks15
\symAMSa=\mathgroup4
\symAMSb=\mathgroup5
LaTeX Font Info:    Redeclaring math symbol \hbar on input line 98.
LaTeX Font Info:    Overwriting math alphabet `\mathfrak' in version `bold'
(Font)                  U/euf/m/n --> U/euf/b/n on input line 106.
)) (/Users/au589901/Library/TinyTeX/texmf-dist/tex/latex/amsmath/amsmath.sty
Package: amsmath 2020/01/20 v2.17e AMS math features
\@mathmargin=\skip49
For additional information on amsmath, use the `?' option.
(/Users/au589901/Library/TinyTeX/texmf-dist/tex/latex/amsmath/amstext.sty
Package: amstext 2000/06/29 v2.01 AMS text
(/Users/au589901/Library/TinyTeX/texmf-dist/tex/latex/amsmath/amsgen.sty
File: amsgen.sty 1999/11/30 v2.0 generic functions
\@emptytoks=\toks16
\ex@=\dimen135
)) (/Users/au589901/Library/TinyTeX/texmf-dist/tex/latex/amsmath/amsbsy.sty
Package: amsbsy 1999/11/29 v1.2d Bold Symbols
\pmbraise@=\dimen136
) (/Users/au589901/Library/TinyTeX/texmf-dist/tex/latex/amsmath/amsopn.sty
Package: amsopn 2016/03/08 v2.02 operator names
)
\inf@bad=\count176
LaTeX Info: Redefining \frac on input line 227.
\uproot@=\count177
\leftroot@=\count178
LaTeX Info: Redefining \overline on input line 389.
\classnum@=\count179
\DOTSCASE@=\count180
LaTeX Info: Redefining \ldots on input line 486.
LaTeX Info: Redefining \dots on input line 489.
LaTeX Info: Redefining \cdots on input line 610.
\Mathstrutbox@=\box45
\strutbox@=\box46
\big@size=\dimen137
LaTeX Font Info:    Redeclaring font encoding OML on input line 733.
LaTeX Font Info:    Redeclaring font encoding OMS on input line 734.
\macc@depth=\count181
\c@MaxMatrixCols=\count182
\dotsspace@=\muskip16
\c@parentequation=\count183
\dspbrk@lvl=\count184
\tag@help=\toks17
\row@=\count185
\column@=\count186
\maxfields@=\count187
\andhelp@=\toks18
\eqnshift@=\dimen138
\alignsep@=\dimen139
\tagshift@=\dimen140
\tagwidth@=\dimen141
\totwidth@=\dimen142
\lineht@=\dimen143
\@envbody=\toks19
\multlinegap=\skip50
\multlinetaggap=\skip51
\mathdisplay@stack=\toks20
LaTeX Info: Redefining \[ on input line 2859.
LaTeX Info: Redefining \] on input line 2860.
) (/Users/au589901/Library/TinyTeX/texmf-dist/tex/generic/iftex/ifxetex.sty
Package: ifxetex 2019/10/25 v0.7 ifxetex legacy package. Use iftex instead.
(/Users/au589901/Library/TinyTeX/texmf-dist/tex/generic/iftex/iftex.sty
Package: iftex 2020/03/06 v1.0d TeX engine tests
)) (/Users/au589901/Library/TinyTeX/texmf-dist/tex/generic/iftex/ifluatex.sty
Package: ifluatex 2019/10/25 v1.5 ifluatex legacy package. Use iftex instead.
) (/Users/au589901/Library/TinyTeX/texmf-dist/tex/latex/base/fixltx2e.sty
Package: fixltx2e 2016/12/29 v2.1a fixes to LaTeX (obsolete)
Applying: [2015/01/01] Old fixltx2e package on input line 46.

Package fixltx2e Warning: fixltx2e is not required with releases after 2015
(fixltx2e)                All fixes are now in the LaTeX kernel.
(fixltx2e)                See the latexrelease package for details.

Already applied: [0000/00/00] Old fixltx2e package on input line 53.
) (/Users/au589901/Library/TinyTeX/texmf-dist/tex/latex/base/fontenc.sty
Package: fontenc 2020/02/11 v2.0o Standard LaTeX package
LaTeX Font Info:    Trying to load font information for T1+lmr on input line 11
2.
(/Users/au589901/Library/TinyTeX/texmf-dist/tex/latex/lm/t1lmr.fd
File: t1lmr.fd 2009/10/30 v1.6 Font defs for Latin Modern
)) (/Users/au589901/Library/TinyTeX/texmf-dist/tex/latex/base/inputenc.sty
Package: inputenc 2018/08/11 v1.3c Input encoding file
\inpenc@prehook=\toks21
\inpenc@posthook=\toks22
) (/Users/au589901/Library/TinyTeX/texmf-dist/tex/latex/hyperref/hyperref.sty
Package: hyperref 2020-05-15 v7.00e Hypertext links for LaTeX
(/Users/au589901/Library/TinyTeX/texmf-dist/tex/generic/ltxcmds/ltxcmds.sty
Package: ltxcmds 2019/12/15 v1.24 LaTeX kernel commands for general use (HO)
)
(/Users/au589901/Library/TinyTeX/texmf-dist/tex/generic/pdftexcmds/pdftexcmds.s
ty
Package: pdftexcmds 2020-06-27 v0.33 Utility functions of pdfTeX for LuaTeX (HO
)

(/Users/au589901/Library/TinyTeX/texmf-dist/tex/generic/infwarerr/infwarerr.sty
Package: infwarerr 2019/12/03 v1.5 Providing info/warning/error messages (HO)
)
Package pdftexcmds Info: \pdf@primitive is available.
Package pdftexcmds Info: \pdf@ifprimitive is available.
Package pdftexcmds Info: \pdfdraftmode found.
) (/Users/au589901/Library/TinyTeX/texmf-dist/tex/latex/graphics/keyval.sty
Package: keyval 2014/10/28 v1.15 key=value parser (DPC)
\KV@toks@=\toks23
)
(/Users/au589901/Library/TinyTeX/texmf-dist/tex/generic/kvsetkeys/kvsetkeys.sty
Package: kvsetkeys 2019/12/15 v1.18 Key value parser (HO)
)
(/Users/au589901/Library/TinyTeX/texmf-dist/tex/generic/kvdefinekeys/kvdefineke
ys.sty
Package: kvdefinekeys 2019-12-19 v1.6 Define keys (HO)
)
(/Users/au589901/Library/TinyTeX/texmf-dist/tex/generic/pdfescape/pdfescape.sty
Package: pdfescape 2019/12/09 v1.15 Implements pdfTeX's escape features (HO)
) (/Users/au589901/Library/TinyTeX/texmf-dist/tex/latex/hycolor/hycolor.sty
Package: hycolor 2020-01-27 v1.10 Color options for hyperref/bookmark (HO)
)
(/Users/au589901/Library/TinyTeX/texmf-dist/tex/latex/letltxmacro/letltxmacro.s
ty
Package: letltxmacro 2019/12/03 v1.6 Let assignment for LaTeX macros (HO)
) (/Users/au589901/Library/TinyTeX/texmf-dist/tex/latex/auxhook/auxhook.sty
Package: auxhook 2019-12-17 v1.6 Hooks for auxiliary files (HO)
) (/Users/au589901/Library/TinyTeX/texmf-dist/tex/latex/kvoptions/kvoptions.sty
Package: kvoptions 2019/11/29 v3.13 Key value format for package options (HO)
)
\@linkdim=\dimen144
\Hy@linkcounter=\count188
\Hy@pagecounter=\count189
(/Users/au589901/Library/TinyTeX/texmf-dist/tex/latex/hyperref/pd1enc.def
File: pd1enc.def 2020-05-15 v7.00e Hyperref: PDFDocEncoding definition (HO)
Now handling font encoding PD1 ...
... no UTF-8 mapping file for font encoding PD1
) (/Users/au589901/Library/TinyTeX/texmf-dist/tex/generic/intcalc/intcalc.sty
Package: intcalc 2019/12/15 v1.3 Expandable calculations with integers (HO)
) (/Users/au589901/Library/TinyTeX/texmf-dist/tex/generic/etexcmds/etexcmds.sty
Package: etexcmds 2019/12/15 v1.7 Avoid name clashes with e-TeX commands (HO)
)
\Hy@SavedSpaceFactor=\count190
Package hyperref Info: Option `unicode' set `true' on input line 4338.
(/Users/au589901/Library/TinyTeX/texmf-dist/tex/latex/hyperref/puenc.def
File: puenc.def 2020-05-15 v7.00e Hyperref: PDF Unicode definition (HO)
Now handling font encoding PU ...
... no UTF-8 mapping file for font encoding PU
)
Package hyperref Info: Hyper figures OFF on input line 4464.
Package hyperref Info: Link nesting OFF on input line 4469.
Package hyperref Info: Hyper index ON on input line 4472.
Package hyperref Info: Plain pages OFF on input line 4479.
Package hyperref Info: Backreferencing OFF on input line 4484.
Package hyperref Info: Implicit mode ON; LaTeX internals redefined.
Package hyperref Info: Bookmarks ON on input line 4717.
\c@Hy@tempcnt=\count191
(/Users/au589901/Library/TinyTeX/texmf-dist/tex/latex/url/url.sty
\Urlmuskip=\muskip17
Package: url 2013/09/16  ver 3.4  Verb mode for urls, etc.
)
LaTeX Info: Redefining \url on input line 5076.
\XeTeXLinkMargin=\dimen145
(/Users/au589901/Library/TinyTeX/texmf-dist/tex/generic/bitset/bitset.sty
Package: bitset 2019/12/09 v1.3 Handle bit-vector datatype (HO)

(/Users/au589901/Library/TinyTeX/texmf-dist/tex/generic/bigintcalc/bigintcalc.s
ty
Package: bigintcalc 2019/12/15 v1.5 Expandable calculations on big integers (HO
)
))
\Fld@menulength=\count192
\Field@Width=\dimen146
\Fld@charsize=\dimen147
Package hyperref Info: Hyper figures OFF on input line 6347.
Package hyperref Info: Link nesting OFF on input line 6352.
Package hyperref Info: Hyper index ON on input line 6355.
Package hyperref Info: backreferencing OFF on input line 6362.
Package hyperref Info: Link coloring OFF on input line 6367.
Package hyperref Info: Link coloring with OCG OFF on input line 6372.
Package hyperref Info: PDF/A mode OFF on input line 6377.
LaTeX Info: Redefining \ref on input line 6417.
LaTeX Info: Redefining \pageref on input line 6421.
(/Users/au589901/Library/TinyTeX/texmf-dist/tex/generic/atbegshi/atbegshi.sty
Package: atbegshi 2019/12/05 v1.19 At begin shipout hook (HO)
)
\Hy@abspage=\count193
\c@Item=\count194
\c@Hfootnote=\count195
)
Package hyperref Info: Driver (autodetected): hpdftex.
(/Users/au589901/Library/TinyTeX/texmf-dist/tex/latex/hyperref/hpdftex.def
File: hpdftex.def 2020-05-15 v7.00e Hyperref driver for pdfTeX
(/Users/au589901/Library/TinyTeX/texmf-dist/tex/latex/atveryend/atveryend.sty
Package: atveryend 2019-12-11 v1.11 Hooks at the very end of document (HO)
Package atveryend Info: \enddocument detected (standard20110627).
)
\Fld@listcount=\count196
\c@bookmark@seq@number=\count197

(/Users/au589901/Library/TinyTeX/texmf-dist/tex/latex/rerunfilecheck/rerunfilec
heck.sty
Package: rerunfilecheck 2019/12/05 v1.9 Rerun checks for auxiliary files (HO)

(/Users/au589901/Library/TinyTeX/texmf-dist/tex/generic/uniquecounter/uniquecou
nter.sty
Package: uniquecounter 2019/12/15 v1.4 Provide unlimited unique counter (HO)
)
Package uniquecounter Info: New unique counter `rerunfilecheck' on input line 2
86.
)
\Hy@SectionHShift=\skip52
)
Package hyperref Info: Option `breaklinks' set `true' on input line 29.
(/Users/au589901/Library/TinyTeX/texmf-dist/tex/latex/geometry/geometry.sty
Package: geometry 2020/01/02 v5.9 Page Geometry
(/Users/au589901/Library/TinyTeX/texmf-dist/tex/generic/iftex/ifvtex.sty
Package: ifvtex 2019/10/25 v1.7 ifvtex legacy package. Use iftex instead.
)
\Gm@cnth=\count198
\Gm@cntv=\count199
\c@Gm@tempcnt=\count266
\Gm@bindingoffset=\dimen148
\Gm@wd@mp=\dimen149
\Gm@odd@mp=\dimen150
\Gm@even@mp=\dimen151
\Gm@layoutwidth=\dimen152
\Gm@layoutheight=\dimen153
\Gm@layouthoffset=\dimen154
\Gm@layoutvoffset=\dimen155
\Gm@dimlist=\toks24
) (/Users/au589901/Library/TinyTeX/texmf-dist/tex/latex/graphics/color.sty
Package: color 2019/11/23 v1.2a Standard LaTeX Color (DPC)
(/Users/au589901/Library/TinyTeX/texmf-dist/tex/latex/graphics-cfg/color.cfg
File: color.cfg 2016/01/02 v1.6 sample color configuration
)
Package color Info: Driver file: pdftex.def on input line 147.
(/Users/au589901/Library/TinyTeX/texmf-dist/tex/latex/graphics-def/pdftex.def
File: pdftex.def 2018/01/08 v1.0l Graphics/color driver for pdftex
)) (/Users/au589901/Library/TinyTeX/texmf-dist/tex/latex/fancyvrb/fancyvrb.sty
Package: fancyvrb 2020/05/03 v3.6 verbatim text (tvz,hv)
\FV@CodeLineNo=\count267
\FV@InFile=\read2
\FV@TabBox=\box47
\c@FancyVerbLine=\count268
\FV@StepNumber=\count269
\FV@OutFile=\write3
) (/Users/au589901/Library/TinyTeX/texmf-dist/tex/latex/framed/framed.sty
Package: framed 2011/10/22 v 0.96: framed or shaded text with page breaks
\OuterFrameSep=\skip53
\fb@frw=\dimen156
\fb@frh=\dimen157
\FrameRule=\dimen158
\FrameSep=\dimen159
) (/Users/au589901/Library/TinyTeX/texmf-dist/tex/latex/graphics/graphicx.sty
Package: graphicx 2019/11/30 v1.2a Enhanced LaTeX Graphics (DPC,SPQR)
(/Users/au589901/Library/TinyTeX/texmf-dist/tex/latex/graphics/graphics.sty
Package: graphics 2019/11/30 v1.4a Standard LaTeX Graphics (DPC,SPQR)
(/Users/au589901/Library/TinyTeX/texmf-dist/tex/latex/graphics/trig.sty
Package: trig 2016/01/03 v1.10 sin cos tan (DPC)
)
(/Users/au589901/Library/TinyTeX/texmf-dist/tex/latex/graphics-cfg/graphics.cfg
File: graphics.cfg 2016/06/04 v1.11 sample graphics configuration
)
Package graphics Info: Driver file: pdftex.def on input line 105.
)
\Gin@req@height=\dimen160
\Gin@req@width=\dimen161
) (/Users/au589901/Library/TinyTeX/texmf-dist/tex/latex/grffile/grffile.sty
Package: grffile 2019/11/11 v2.1 Extended file name support for graphics (legac
y)
Package grffile Info: This package is an empty stub for compatibility on input 
line 40.
)
(/Users/au589901/Library/TinyTeX/texmf-dist/tex/latex/l3backend/l3backend-pdfmo
de.def
File: l3backend-pdfmode.def 2020-08-07 L3 backend support: PDF mode
\l__kernel_color_stack_int=\count270
\l__pdf_internal_box=\box48
) (./radiomics_USA_January_2022.aux)
\openout1 = `radiomics_USA_January_2022.aux'.

LaTeX Font Info:    Checking defaults for OML/cmm/m/it on input line 111.
LaTeX Font Info:    ... okay on input line 111.
LaTeX Font Info:    Checking defaults for OMS/cmsy/m/n on input line 111.
LaTeX Font Info:    ... okay on input line 111.
LaTeX Font Info:    Checking defaults for OT1/cmr/m/n on input line 111.
LaTeX Font Info:    ... okay on input line 111.
LaTeX Font Info:    Checking defaults for T1/cmr/m/n on input line 111.
LaTeX Font Info:    ... okay on input line 111.
LaTeX Font Info:    Checking defaults for TS1/cmr/m/n on input line 111.
LaTeX Font Info:    ... okay on input line 111.
LaTeX Font Info:    Checking defaults for OMX/cmex/m/n on input line 111.
LaTeX Font Info:    ... okay on input line 111.
LaTeX Font Info:    Checking defaults for U/cmr/m/n on input line 111.
LaTeX Font Info:    ... okay on input line 111.
LaTeX Font Info:    Checking defaults for PD1/pdf/m/n on input line 111.
LaTeX Font Info:    ... okay on input line 111.
LaTeX Font Info:    Checking defaults for PU/pdf/m/n on input line 111.
LaTeX Font Info:    ... okay on input line 111.
\AtBeginShipoutBox=\box49
Package hyperref Info: Link coloring OFF on input line 111.
(/Users/au589901/Library/TinyTeX/texmf-dist/tex/latex/hyperref/nameref.sty
Package: nameref 2019/09/16 v2.46 Cross-referencing by name of section
(/Users/au589901/Library/TinyTeX/texmf-dist/tex/latex/refcount/refcount.sty
Package: refcount 2019/12/15 v3.6 Data extraction from label references (HO)
)
(/Users/au589901/Library/TinyTeX/texmf-dist/tex/generic/gettitlestring/gettitle
string.sty
Package: gettitlestring 2019/12/15 v1.6 Cleanup title references (HO)
)
\c@section@level=\count271
)
LaTeX Info: Redefining \ref on input line 111.
LaTeX Info: Redefining \pageref on input line 111.
LaTeX Info: Redefining \nameref on input line 111.
(./radiomics_USA_January_2022.out) (./radiomics_USA_January_2022.out)
\@outlinefile=\write4
\openout4 = `radiomics_USA_January_2022.out'.

*geometry* driver: auto-detecting
*geometry* detected driver: pdftex
*geometry* verbose mode - [ preamble ] result:
* driver: pdftex
* paper: <default>
* layout: <same size as paper>
* layoutoffset:(h,v)=(0.0pt,0.0pt)
* modes: 
* h-part:(L,W,R)=(72.26999pt, 469.75502pt, 72.26999pt)
* v-part:(T,H,B)=(72.26999pt, 650.43001pt, 72.26999pt)
* \paperwidth=614.295pt
* \paperheight=794.96999pt
* \textwidth=469.75502pt
* \textheight=650.43001pt
* \oddsidemargin=0.0pt
* \evensidemargin=0.0pt
* \topmargin=-37.0pt
* \headheight=12.0pt
* \headsep=25.0pt
* \topskip=10.0pt
* \footskip=30.0pt
* \marginparwidth=65.0pt
* \marginparsep=11.0pt
* \columnsep=10.0pt
* \skip\footins=9.0pt plus 4.0pt minus 2.0pt
* \hoffset=0.0pt
* \voffset=0.0pt
* \mag=1000
* \@twocolumnfalse
* \@twosidefalse
* \@mparswitchfalse
* \@reversemarginfalse
* (1in=72.27pt=25.4mm, 1cm=28.453pt)


(/Users/au589901/Library/TinyTeX/texmf-dist/tex/latex/epstopdf-pkg/epstopdf-bas
e.sty
Package: epstopdf-base 2020-01-24 v2.11 Base part for package epstopdf
Package epstopdf-base Info: Redefining graphics rule for `.eps' on input line 4
85.

(/Users/au589901/Library/TinyTeX/texmf-dist/tex/latex/latexconfig/epstopdf-sys.
cfg
File: epstopdf-sys.cfg 2010/07/13 v1.3 Configuration of (r)epstopdf for TeX Liv
e
))
LaTeX Font Info:    Trying to load font information for OT1+lmr on input line 1
13.
(/Users/au589901/Library/TinyTeX/texmf-dist/tex/latex/lm/ot1lmr.fd
File: ot1lmr.fd 2009/10/30 v1.6 Font defs for Latin Modern
)
LaTeX Font Info:    Trying to load font information for OML+lmm on input line 1
13.
(/Users/au589901/Library/TinyTeX/texmf-dist/tex/latex/lm/omllmm.fd
File: omllmm.fd 2009/10/30 v1.6 Font defs for Latin Modern
)
LaTeX Font Info:    Trying to load font information for OMS+lmsy on input line 
113.
(/Users/au589901/Library/TinyTeX/texmf-dist/tex/latex/lm/omslmsy.fd
File: omslmsy.fd 2009/10/30 v1.6 Font defs for Latin Modern
)
LaTeX Font Info:    Trying to load font information for OMX+lmex on input line 
113.
(/Users/au589901/Library/TinyTeX/texmf-dist/tex/latex/lm/omxlmex.fd
File: omxlmex.fd 2009/10/30 v1.6 Font defs for Latin Modern
)
LaTeX Font Info:    External font `lmex10' loaded for size
(Font)              <12> on input line 113.
LaTeX Font Info:    External font `lmex10' loaded for size
(Font)              <8> on input line 113.
LaTeX Font Info:    External font `lmex10' loaded for size
(Font)              <6> on input line 113.
LaTeX Font Info:    Trying to load font information for U+msa on input line 113
.
(/Users/au589901/Library/TinyTeX/texmf-dist/tex/latex/amsfonts/umsa.fd
File: umsa.fd 2013/01/14 v3.01 AMS symbols A
)
LaTeX Font Info:    Trying to load font information for U+msb on input line 113
.
(/Users/au589901/Library/TinyTeX/texmf-dist/tex/latex/amsfonts/umsb.fd
File: umsb.fd 2013/01/14 v3.01 AMS symbols B
)
</Users/au589901/GenomeDK_local/CancerEvolution/phd/Analysis/radiomics/NMF_Radi
omics/Radiomics.png, id=120, 461.17294pt x 695.59875pt>
File: /Users/au589901/GenomeDK_local/CancerEvolution/phd/Analysis/radiomics/NMF
_Radiomics/Radiomics.png Graphic file (type png)
<use /Users/au589901/GenomeDK_local/CancerEvolution/phd/Analysis/radiomics/NMF_
Radiomics/Radiomics.png>
Package pdftex.def Info: /Users/au589901/GenomeDK_local/CancerEvolution/phd/Ana
lysis/radiomics/NMF_Radiomics/Radiomics.png  used on input line 120.
(pdftex.def)             Requested size: 431.24377pt x 650.45584pt.

LaTeX Warning: Float too large for page by 23.97026pt on input line 122.

LaTeX Font Info:    Trying to load font information for TS1+lmr on input line 1
29.
(/Users/au589901/Library/TinyTeX/texmf-dist/tex/latex/lm/ts1lmr.fd
File: ts1lmr.fd 2009/10/30 v1.6 Font defs for Latin Modern
)
Underfull \hbox (badness 10000) in paragraph at lines 129--131

 []


Underfull \hbox (badness 10000) in paragraph at lines 131--132

 []

<radiomics_USA_January_2022_files/figure-latex/unnamed-chunk-2-1.pdf, id=121, 4
66.74374pt x 316.18124pt>
File: radiomics_USA_January_2022_files/figure-latex/unnamed-chunk-2-1.pdf Graph
ic file (type pdf)
<use radiomics_USA_January_2022_files/figure-latex/unnamed-chunk-2-1.pdf>
Package pdftex.def Info: radiomics_USA_January_2022_files/figure-latex/unnamed-
chunk-2-1.pdf  used on input line 134.
(pdftex.def)             Requested size: 466.76396pt x 316.19493pt.
<radiomics_USA_January_2022_files/figure-latex/unnamed-chunk-2-2.pdf, id=122, 2
21.82875pt x 304.13625pt>
File: radiomics_USA_January_2022_files/figure-latex/unnamed-chunk-2-2.pdf Graph
ic file (type pdf)
<use radiomics_USA_January_2022_files/figure-latex/unnamed-chunk-2-2.pdf>
Package pdftex.def Info: radiomics_USA_January_2022_files/figure-latex/unnamed-
chunk-2-2.pdf  used on input line 135.
(pdftex.def)             Requested size: 221.82819pt x 304.1355pt.

Underfull \hbox (badness 10000) in paragraph at lines 134--136
[][]
 []

[1

{/Users/au589901/Library/TinyTeX/texmf-var/fonts/map/pdftex/updmap/pdftex.map} 
<./radiomics_USA_January_2022_files/figure-latex/unnamed-chunk-2-1.pdf>] [2 </U
sers/au589901/GenomeDK_local/CancerEvolution/phd/Analysis/radiomics/NMF_Radiomi
cs/Radiomics.png>]
Underfull \hbox (badness 10000) in paragraph at lines 142--143

 []

LaTeX Font Info:    Trying to load font information for T1+lmtt on input line 1
46.
(/Users/au589901/Library/TinyTeX/texmf-dist/tex/latex/lm/t1lmtt.fd
File: t1lmtt.fd 2009/10/30 v1.6 Font defs for Latin Modern
)
LaTeX Font Info:    Font shape `T1/lmtt/bx/n' in size <10> not available
(Font)              Font shape `T1/lmtt/b/n' tried instead on input line 147.

Underfull \hbox (badness 10000) in paragraph at lines 158--160

 []


Underfull \hbox (badness 10000) in paragraph at lines 160--162

 []

[3 <./radiomics_USA_January_2022_files/figure-latex/unnamed-chunk-2-2.pdf>]
Underfull \hbox (badness 10000) in paragraph at lines 188--189

 []

<radiomics_USA_January_2022_files/figure-latex/unnamed-chunk-5-1.pdf, id=159, 4
65.74pt x 313.17pt>
File: radiomics_USA_January_2022_files/figure-latex/unnamed-chunk-5-1.pdf Graph
ic file (type pdf)
<use radiomics_USA_January_2022_files/figure-latex/unnamed-chunk-5-1.pdf>
Package pdftex.def Info: radiomics_USA_January_2022_files/figure-latex/unnamed-
chunk-5-1.pdf  used on input line 191.
(pdftex.def)             Requested size: 465.75307pt x 313.17877pt.
<radiomics_USA_January_2022_files/figure-latex/unnamed-chunk-5-2.pdf, id=160, 4
59.7175pt x 316.18124pt>
File: radiomics_USA_January_2022_files/figure-latex/unnamed-chunk-5-2.pdf Graph
ic file (type pdf)
<use radiomics_USA_January_2022_files/figure-latex/unnamed-chunk-5-2.pdf>
Package pdftex.def Info: radiomics_USA_January_2022_files/figure-latex/unnamed-
chunk-5-2.pdf  used on input line 192.
(pdftex.def)             Requested size: 459.74442pt x 316.19975pt.

Underfull \hbox (badness 10000) in paragraph at lines 191--193
[][]
 []

[4 <./radiomics_USA_January_2022_files/figure-latex/unnamed-chunk-5-1.pdf>]
Underfull \hbox (badness 10000) in paragraph at lines 196--197

 []

[5 <./radiomics_USA_January_2022_files/figure-latex/unnamed-chunk-5-2.pdf>]
<radiomics_USA_January_2022_files/figure-latex/unnamed-chunk-8-1.pdf, id=191, 4
59.7175pt x 313.17pt>
File: radiomics_USA_January_2022_files/figure-latex/unnamed-chunk-8-1.pdf Graph
ic file (type pdf)
<use radiomics_USA_January_2022_files/figure-latex/unnamed-chunk-8-1.pdf>
Package pdftex.def Info: radiomics_USA_January_2022_files/figure-latex/unnamed-
chunk-8-1.pdf  used on input line 230.
(pdftex.def)             Requested size: 459.7304pt x 313.17877pt.
<radiomics_USA_January_2022_files/figure-latex/unnamed-chunk-8-2.pdf, id=192, 4
53.695pt x 313.17pt>
File: radiomics_USA_January_2022_files/figure-latex/unnamed-chunk-8-2.pdf Graph
ic file (type pdf)
<use radiomics_USA_January_2022_files/figure-latex/unnamed-chunk-8-2.pdf>
Package pdftex.def Info: radiomics_USA_January_2022_files/figure-latex/unnamed-
chunk-8-2.pdf  used on input line 231.
(pdftex.def)             Requested size: 453.6939pt x 313.16922pt.
<radiomics_USA_January_2022_files/figure-latex/unnamed-chunk-8-3.pdf, id=193, 4
59.7175pt x 313.17pt>
File: radiomics_USA_January_2022_files/figure-latex/unnamed-chunk-8-3.pdf Graph
ic file (type pdf)
<use radiomics_USA_January_2022_files/figure-latex/unnamed-chunk-8-3.pdf>
Package pdftex.def Info: radiomics_USA_January_2022_files/figure-latex/unnamed-
chunk-8-3.pdf  used on input line 232.
(pdftex.def)             Requested size: 459.7304pt x 313.17877pt.
<radiomics_USA_January_2022_files/figure-latex/unnamed-chunk-8-4.pdf, id=194, 4
59.7175pt x 313.17pt>
File: radiomics_USA_January_2022_files/figure-latex/unnamed-chunk-8-4.pdf Graph
ic file (type pdf)
<use radiomics_USA_January_2022_files/figure-latex/unnamed-chunk-8-4.pdf>
Package pdftex.def Info: radiomics_USA_January_2022_files/figure-latex/unnamed-
chunk-8-4.pdf  used on input line 233.
(pdftex.def)             Requested size: 459.7304pt x 313.17877pt.

Underfull \hbox (badness 10000) in paragraph at lines 230--234
[]
 []


Underfull \hbox (badness 10000) in paragraph at lines 230--234
[]
 []


Underfull \hbox (badness 10000) in paragraph at lines 230--234
[]
 []

[6]
Overfull \vbox (25.22061pt too high) has occurred while \output is active []

[7 <./radiomics_USA_January_2022_files/figure-latex/unnamed-chunk-8-1.pdf> <./r
adiomics_USA_January_2022_files/figure-latex/unnamed-chunk-8-2.pdf>]
Underfull \hbox (badness 10000) in paragraph at lines 241--243

 []

[8 <./radiomics_USA_January_2022_files/figure-latex/unnamed-chunk-8-3.pdf> <./r
adiomics_USA_January_2022_files/figure-latex/unnamed-chunk-8-4.pdf>]
Underfull \hbox (badness 10000) in paragraph at lines 243--244

 []

<radiomics_USA_January_2022_files/figure-latex/unnamed-chunk-10-1.pdf, id=236, 
463.7325pt x 316.18124pt>
File: radiomics_USA_January_2022_files/figure-latex/unnamed-chunk-10-1.pdf Grap
hic file (type pdf)
<use radiomics_USA_January_2022_files/figure-latex/unnamed-chunk-10-1.pdf>
Package pdftex.def Info: radiomics_USA_January_2022_files/figure-latex/unnamed-
chunk-10-1.pdf  used on input line 257.
(pdftex.def)             Requested size: 463.73842pt x 316.18529pt.
<radiomics_USA_January_2022_files/figure-latex/unnamed-chunk-10-2.pdf, id=237, 
463.7325pt x 316.18124pt>
File: radiomics_USA_January_2022_files/figure-latex/unnamed-chunk-10-2.pdf Grap
hic file (type pdf)
<use radiomics_USA_January_2022_files/figure-latex/unnamed-chunk-10-2.pdf>
Package pdftex.def Info: radiomics_USA_January_2022_files/figure-latex/unnamed-
chunk-10-2.pdf  used on input line 258.
(pdftex.def)             Requested size: 463.73842pt x 316.18529pt.
<radiomics_USA_January_2022_files/figure-latex/unnamed-chunk-10-3.pdf, id=238, 
463.7325pt x 316.18124pt>
File: radiomics_USA_January_2022_files/figure-latex/unnamed-chunk-10-3.pdf Grap
hic file (type pdf)
<use radiomics_USA_January_2022_files/figure-latex/unnamed-chunk-10-3.pdf>
Package pdftex.def Info: radiomics_USA_January_2022_files/figure-latex/unnamed-
chunk-10-3.pdf  used on input line 259.
(pdftex.def)             Requested size: 463.73842pt x 316.18529pt.

Underfull \hbox (badness 10000) in paragraph at lines 257--260
[]
 []


Underfull \hbox (badness 10000) in paragraph at lines 257--260
[]
 []

[9]
Overfull \vbox (8.84322pt too high) has occurred while \output is active []

[10 <./radiomics_USA_January_2022_files/figure-latex/unnamed-chunk-10-1.pdf> <.
/radiomics_USA_January_2022_files/figure-latex/unnamed-chunk-10-2.pdf>]
<radiomics_USA_January_2022_files/figure-latex/unnamed-chunk-11-1.pdf, id=269, 
463.7325pt x 316.18124pt>
File: radiomics_USA_January_2022_files/figure-latex/unnamed-chunk-11-1.pdf Grap
hic file (type pdf)
<use radiomics_USA_January_2022_files/figure-latex/unnamed-chunk-11-1.pdf>
Package pdftex.def Info: radiomics_USA_January_2022_files/figure-latex/unnamed-
chunk-11-1.pdf  used on input line 264.
(pdftex.def)             Requested size: 463.73842pt x 316.18529pt.
<radiomics_USA_January_2022_files/figure-latex/unnamed-chunk-11-2.pdf, id=270, 
463.7325pt x 316.18124pt>
File: radiomics_USA_January_2022_files/figure-latex/unnamed-chunk-11-2.pdf Grap
hic file (type pdf)
<use radiomics_USA_January_2022_files/figure-latex/unnamed-chunk-11-2.pdf>
Package pdftex.def Info: radiomics_USA_January_2022_files/figure-latex/unnamed-
chunk-11-2.pdf  used on input line 265.
(pdftex.def)             Requested size: 463.73842pt x 316.18529pt.
<radiomics_USA_January_2022_files/figure-latex/unnamed-chunk-11-3.pdf, id=271, 
463.7325pt x 316.18124pt>
File: radiomics_USA_January_2022_files/figure-latex/unnamed-chunk-11-3.pdf Grap
hic file (type pdf)
<use radiomics_USA_January_2022_files/figure-latex/unnamed-chunk-11-3.pdf>
Package pdftex.def Info: radiomics_USA_January_2022_files/figure-latex/unnamed-
chunk-11-3.pdf  used on input line 266.
(pdftex.def)             Requested size: 463.73842pt x 316.18529pt.

Underfull \hbox (badness 10000) in paragraph at lines 264--267
[]
 []


Underfull \hbox (badness 10000) in paragraph at lines 264--267
[]
 []

[11 <./radiomics_USA_January_2022_files/figure-latex/unnamed-chunk-10-3.pdf>]
Overfull \vbox (13.2432pt too high) has occurred while \output is active []

[12 <./radiomics_USA_January_2022_files/figure-latex/unnamed-chunk-11-1.pdf> <.
/radiomics_USA_January_2022_files/figure-latex/unnamed-chunk-11-2.pdf>]

Package hyperref Warning: Difference (2) between bookmark levels is greater 
(hyperref)                than one, level fixed on input line 273.

<radiomics_USA_January_2022_files/figure-latex/unnamed-chunk-12-1.pdf, id=314, 
463.7325pt x 316.18124pt>
File: radiomics_USA_January_2022_files/figure-latex/unnamed-chunk-12-1.pdf Grap
hic file (type pdf)
<use radiomics_USA_January_2022_files/figure-latex/unnamed-chunk-12-1.pdf>
Package pdftex.def Info: radiomics_USA_January_2022_files/figure-latex/unnamed-
chunk-12-1.pdf  used on input line 275.
(pdftex.def)             Requested size: 463.73842pt x 316.18529pt.
<radiomics_USA_January_2022_files/figure-latex/unnamed-chunk-12-2.pdf, id=315, 
463.7325pt x 316.18124pt>
File: radiomics_USA_January_2022_files/figure-latex/unnamed-chunk-12-2.pdf Grap
hic file (type pdf)
<use radiomics_USA_January_2022_files/figure-latex/unnamed-chunk-12-2.pdf>
Package pdftex.def Info: radiomics_USA_January_2022_files/figure-latex/unnamed-
chunk-12-2.pdf  used on input line 276.
(pdftex.def)             Requested size: 463.73842pt x 316.18529pt.
<radiomics_USA_January_2022_files/figure-latex/unnamed-chunk-12-3.pdf, id=316, 
463.7325pt x 316.18124pt>
File: radiomics_USA_January_2022_files/figure-latex/unnamed-chunk-12-3.pdf Grap
hic file (type pdf)
<use radiomics_USA_January_2022_files/figure-latex/unnamed-chunk-12-3.pdf>
Package pdftex.def Info: radiomics_USA_January_2022_files/figure-latex/unnamed-
chunk-12-3.pdf  used on input line 277.
(pdftex.def)             Requested size: 463.73842pt x 316.18529pt.
<radiomics_USA_January_2022_files/figure-latex/unnamed-chunk-12-4.pdf, id=317, 
463.7325pt x 316.18124pt>
File: radiomics_USA_January_2022_files/figure-latex/unnamed-chunk-12-4.pdf Grap
hic file (type pdf)
<use radiomics_USA_January_2022_files/figure-latex/unnamed-chunk-12-4.pdf>
Package pdftex.def Info: radiomics_USA_January_2022_files/figure-latex/unnamed-
chunk-12-4.pdf  used on input line 278.
(pdftex.def)             Requested size: 463.73842pt x 316.18529pt.
<radiomics_USA_January_2022_files/figure-latex/unnamed-chunk-12-5.pdf, id=318, 
463.7325pt x 316.18124pt>
File: radiomics_USA_January_2022_files/figure-latex/unnamed-chunk-12-5.pdf Grap
hic file (type pdf)
<use radiomics_USA_January_2022_files/figure-latex/unnamed-chunk-12-5.pdf>
Package pdftex.def Info: radiomics_USA_January_2022_files/figure-latex/unnamed-
chunk-12-5.pdf  used on input line 279.
(pdftex.def)             Requested size: 463.73842pt x 316.18529pt.

Underfull \hbox (badness 10000) in paragraph at lines 275--280
[]
 []


Underfull \hbox (badness 10000) in paragraph at lines 275--280
[]
 []


Underfull \hbox (badness 10000) in paragraph at lines 275--280
[]
 []


Underfull \hbox (badness 10000) in paragraph at lines 275--280
[]
 []

[13 <./radiomics_USA_January_2022_files/figure-latex/unnamed-chunk-11-3.pdf>]
Overfull \vbox (34.80145pt too high) has occurred while \output is active []

[14 <./radiomics_USA_January_2022_files/figure-latex/unnamed-chunk-12-1.pdf> <.
/radiomics_USA_January_2022_files/figure-latex/unnamed-chunk-12-2.pdf>] [15 <./
radiomics_USA_January_2022_files/figure-latex/unnamed-chunk-12-3.pdf> <./radiom
ics_USA_January_2022_files/figure-latex/unnamed-chunk-12-4.pdf>]
Underfull \hbox (badness 10000) in paragraph at lines 286--287

 []

<radiomics_USA_January_2022_files/figure-latex/unnamed-chunk-13-1.pdf, id=388, 
440.64626pt x 312.16624pt>
File: radiomics_USA_January_2022_files/figure-latex/unnamed-chunk-13-1.pdf Grap
hic file (type pdf)
<use radiomics_USA_January_2022_files/figure-latex/unnamed-chunk-13-1.pdf>
Package pdftex.def Info: radiomics_USA_January_2022_files/figure-latex/unnamed-
chunk-13-1.pdf  used on input line 289.
(pdftex.def)             Requested size: 440.65189pt x 312.17024pt.
[16 <./radiomics_USA_January_2022_files/figure-latex/unnamed-chunk-12-5.pdf>]
Underfull \hbox (badness 10000) in paragraph at lines 296--298

 []


Underfull \hbox (badness 10000) in paragraph at lines 298--300

 []


Underfull \hbox (badness 10000) in paragraph at lines 300--301

 []

<radiomics_USA_January_2022_files/figure-latex/unnamed-chunk-14-1.pdf, id=404, 
459.7175pt x 316.18124pt>
File: radiomics_USA_January_2022_files/figure-latex/unnamed-chunk-14-1.pdf Grap
hic file (type pdf)
<use radiomics_USA_January_2022_files/figure-latex/unnamed-chunk-14-1.pdf>
Package pdftex.def Info: radiomics_USA_January_2022_files/figure-latex/unnamed-
chunk-14-1.pdf  used on input line 303.
(pdftex.def)             Requested size: 459.74442pt x 316.19975pt.
[17 <./radiomics_USA_January_2022_files/figure-latex/unnamed-chunk-13-1.pdf>]
<radiomics_USA_January_2022_files/figure-latex/unnamed-chunk-15-1.pdf, id=416, 
459.7175pt x 316.18124pt>
File: radiomics_USA_January_2022_files/figure-latex/unnamed-chunk-15-1.pdf Grap
hic file (type pdf)
<use radiomics_USA_January_2022_files/figure-latex/unnamed-chunk-15-1.pdf>
Package pdftex.def Info: radiomics_USA_January_2022_files/figure-latex/unnamed-
chunk-15-1.pdf  used on input line 307.
(pdftex.def)             Requested size: 459.74442pt x 316.19975pt.
[18 <./radiomics_USA_January_2022_files/figure-latex/unnamed-chunk-14-1.pdf>]
<radiomics_USA_January_2022_files/figure-latex/unnamed-chunk-16-1.pdf, id=428, 
459.7175pt x 316.18124pt>
File: radiomics_USA_January_2022_files/figure-latex/unnamed-chunk-16-1.pdf Grap
hic file (type pdf)
<use radiomics_USA_January_2022_files/figure-latex/unnamed-chunk-16-1.pdf>
Package pdftex.def Info: radiomics_USA_January_2022_files/figure-latex/unnamed-
chunk-16-1.pdf  used on input line 311.
(pdftex.def)             Requested size: 459.74442pt x 316.19975pt.
[19 <./radiomics_USA_January_2022_files/figure-latex/unnamed-chunk-15-1.pdf>]
<radiomics_USA_January_2022_files/figure-latex/unnamed-chunk-17-1.pdf, id=441, 
459.7175pt x 316.18124pt>
File: radiomics_USA_January_2022_files/figure-latex/unnamed-chunk-17-1.pdf Grap
hic file (type pdf)
<use radiomics_USA_January_2022_files/figure-latex/unnamed-chunk-17-1.pdf>
Package pdftex.def Info: radiomics_USA_January_2022_files/figure-latex/unnamed-
chunk-17-1.pdf  used on input line 317.
(pdftex.def)             Requested size: 459.74442pt x 316.19975pt.
<radiomics_USA_January_2022_files/figure-latex/unnamed-chunk-17-2.pdf, id=442, 
459.7175pt x 316.18124pt>
File: radiomics_USA_January_2022_files/figure-latex/unnamed-chunk-17-2.pdf Grap
hic file (type pdf)
<use radiomics_USA_January_2022_files/figure-latex/unnamed-chunk-17-2.pdf>
Package pdftex.def Info: radiomics_USA_January_2022_files/figure-latex/unnamed-
chunk-17-2.pdf  used on input line 318.
(pdftex.def)             Requested size: 459.74442pt x 316.19975pt.

Underfull \hbox (badness 10000) in paragraph at lines 317--319
[]
 []

[20 <./radiomics_USA_January_2022_files/figure-latex/unnamed-chunk-16-1.pdf>]
Overfull \vbox (30.47214pt too high) has occurred while \output is active []

[21 <./radiomics_USA_January_2022_files/figure-latex/unnamed-chunk-17-1.pdf> <.
/radiomics_USA_January_2022_files/figure-latex/unnamed-chunk-17-2.pdf>]
<radiomics_USA_January_2022_files/figure-latex/unnamed-chunk-18-1.pdf, id=473, 
459.7175pt x 316.18124pt>
File: radiomics_USA_January_2022_files/figure-latex/unnamed-chunk-18-1.pdf Grap
hic file (type pdf)
<use radiomics_USA_January_2022_files/figure-latex/unnamed-chunk-18-1.pdf>
Package pdftex.def Info: radiomics_USA_January_2022_files/figure-latex/unnamed-
chunk-18-1.pdf  used on input line 323.
(pdftex.def)             Requested size: 459.74442pt x 316.19975pt.
<radiomics_USA_January_2022_files/figure-latex/unnamed-chunk-18-2.pdf, id=474, 
459.7175pt x 316.18124pt>
File: radiomics_USA_January_2022_files/figure-latex/unnamed-chunk-18-2.pdf Grap
hic file (type pdf)
<use radiomics_USA_January_2022_files/figure-latex/unnamed-chunk-18-2.pdf>
Package pdftex.def Info: radiomics_USA_January_2022_files/figure-latex/unnamed-
chunk-18-2.pdf  used on input line 324.
(pdftex.def)             Requested size: 459.74442pt x 316.19975pt.
<radiomics_USA_January_2022_files/figure-latex/unnamed-chunk-18-3.pdf, id=475, 
459.7175pt x 316.18124pt>
File: radiomics_USA_January_2022_files/figure-latex/unnamed-chunk-18-3.pdf Grap
hic file (type pdf)
<use radiomics_USA_January_2022_files/figure-latex/unnamed-chunk-18-3.pdf>
Package pdftex.def Info: radiomics_USA_January_2022_files/figure-latex/unnamed-
chunk-18-3.pdf  used on input line 325.
(pdftex.def)             Requested size: 459.74442pt x 316.19975pt.
<radiomics_USA_January_2022_files/figure-latex/unnamed-chunk-18-4.pdf, id=476, 
459.7175pt x 316.18124pt>
File: radiomics_USA_January_2022_files/figure-latex/unnamed-chunk-18-4.pdf Grap
hic file (type pdf)
<use radiomics_USA_January_2022_files/figure-latex/unnamed-chunk-18-4.pdf>
Package pdftex.def Info: radiomics_USA_January_2022_files/figure-latex/unnamed-
chunk-18-4.pdf  used on input line 326.
(pdftex.def)             Requested size: 459.74442pt x 316.19975pt.

Underfull \hbox (badness 10000) in paragraph at lines 323--327
[]
 []


Underfull \hbox (badness 10000) in paragraph at lines 323--327
[]
 []


Underfull \hbox (badness 10000) in paragraph at lines 323--327
[]
 []


Overfull \vbox (11.67213pt too high) has occurred while \output is active []

[22 <./radiomics_USA_January_2022_files/figure-latex/unnamed-chunk-18-1.pdf> <.
/radiomics_USA_January_2022_files/figure-latex/unnamed-chunk-18-2.pdf>]
Underfull \hbox (badness 10000) in paragraph at lines 334--335

 []

[23 <./radiomics_USA_January_2022_files/figure-latex/unnamed-chunk-18-3.pdf> <.
/radiomics_USA_January_2022_files/figure-latex/unnamed-chunk-18-4.pdf>]
<radiomics_USA_January_2022_files/figure-latex/unnamed-chunk-19-1.pdf, id=513, 
459.7175pt x 313.17pt>
File: radiomics_USA_January_2022_files/figure-latex/unnamed-chunk-19-1.pdf Grap
hic file (type pdf)
<use radiomics_USA_January_2022_files/figure-latex/unnamed-chunk-19-1.pdf>
Package pdftex.def Info: radiomics_USA_January_2022_files/figure-latex/unnamed-
chunk-19-1.pdf  used on input line 337.
(pdftex.def)             Requested size: 459.7304pt x 313.17877pt.

Underfull \hbox (badness 10000) in paragraph at lines 349--351

 []

<radiomics_USA_January_2022_files/figure-latex/unnamed-chunk-20-1.pdf, id=514, 
459.7175pt x 316.18124pt>
File: radiomics_USA_January_2022_files/figure-latex/unnamed-chunk-20-1.pdf Grap
hic file (type pdf)
<use radiomics_USA_January_2022_files/figure-latex/unnamed-chunk-20-1.pdf>
Package pdftex.def Info: radiomics_USA_January_2022_files/figure-latex/unnamed-
chunk-20-1.pdf  used on input line 353.
(pdftex.def)             Requested size: 459.74442pt x 316.19975pt.
<radiomics_USA_January_2022_files/figure-latex/unnamed-chunk-20-2.pdf, id=515, 
459.7175pt x 316.18124pt>
File: radiomics_USA_January_2022_files/figure-latex/unnamed-chunk-20-2.pdf Grap
hic file (type pdf)
<use radiomics_USA_January_2022_files/figure-latex/unnamed-chunk-20-2.pdf>
Package pdftex.def Info: radiomics_USA_January_2022_files/figure-latex/unnamed-
chunk-20-2.pdf  used on input line 354.
(pdftex.def)             Requested size: 459.74442pt x 316.19975pt.

Underfull \hbox (badness 10000) in paragraph at lines 353--355
[][]
 []

[24 <./radiomics_USA_January_2022_files/figure-latex/unnamed-chunk-19-1.pdf>]
Underfull \hbox (badness 10000) in paragraph at lines 362--364

 []

[25 <./radiomics_USA_January_2022_files/figure-latex/unnamed-chunk-20-1.pdf> <.
/radiomics_USA_January_2022_files/figure-latex/unnamed-chunk-20-2.pdf>]
<radiomics_USA_January_2022_files/figure-latex/unnamed-chunk-21-1.pdf, id=546, 
459.7175pt x 316.18124pt>
File: radiomics_USA_January_2022_files/figure-latex/unnamed-chunk-21-1.pdf Grap
hic file (type pdf)
<use radiomics_USA_January_2022_files/figure-latex/unnamed-chunk-21-1.pdf>
Package pdftex.def Info: radiomics_USA_January_2022_files/figure-latex/unnamed-
chunk-21-1.pdf  used on input line 366.
(pdftex.def)             Requested size: 459.74442pt x 316.19975pt.
<radiomics_USA_January_2022_files/figure-latex/unnamed-chunk-21-2.pdf, id=547, 
459.7175pt x 316.18124pt>
File: radiomics_USA_January_2022_files/figure-latex/unnamed-chunk-21-2.pdf Grap
hic file (type pdf)
<use radiomics_USA_January_2022_files/figure-latex/unnamed-chunk-21-2.pdf>
Package pdftex.def Info: radiomics_USA_January_2022_files/figure-latex/unnamed-
chunk-21-2.pdf  used on input line 367.
(pdftex.def)             Requested size: 459.74442pt x 316.19975pt.
<radiomics_USA_January_2022_files/figure-latex/unnamed-chunk-21-3.pdf, id=548, 
459.7175pt x 316.18124pt>
File: radiomics_USA_January_2022_files/figure-latex/unnamed-chunk-21-3.pdf Grap
hic file (type pdf)
<use radiomics_USA_January_2022_files/figure-latex/unnamed-chunk-21-3.pdf>
Package pdftex.def Info: radiomics_USA_January_2022_files/figure-latex/unnamed-
chunk-21-3.pdf  used on input line 368.
(pdftex.def)             Requested size: 459.74442pt x 316.19975pt.
<radiomics_USA_January_2022_files/figure-latex/unnamed-chunk-21-4.pdf, id=549, 
459.7175pt x 316.18124pt>
File: radiomics_USA_January_2022_files/figure-latex/unnamed-chunk-21-4.pdf Grap
hic file (type pdf)
<use radiomics_USA_January_2022_files/figure-latex/unnamed-chunk-21-4.pdf>
Package pdftex.def Info: radiomics_USA_January_2022_files/figure-latex/unnamed-
chunk-21-4.pdf  used on input line 369.
(pdftex.def)             Requested size: 459.74442pt x 316.19975pt.

Underfull \hbox (badness 10000) in paragraph at lines 366--370
[][]
 []


Underfull \hbox (badness 10000) in paragraph at lines 366--370
[]
 []


Underfull \hbox (badness 10000) in paragraph at lines 366--370
[]
 []

[26 <./radiomics_USA_January_2022_files/figure-latex/unnamed-chunk-21-1.pdf>] [
27 <./radiomics_USA_January_2022_files/figure-latex/unnamed-chunk-21-2.pdf> <./
radiomics_USA_January_2022_files/figure-latex/unnamed-chunk-21-3.pdf>]
<radiomics_USA_January_2022_files/figure-latex/unnamed-chunk-23-1.pdf, id=579, 
459.7175pt x 316.18124pt>
File: radiomics_USA_January_2022_files/figure-latex/unnamed-chunk-23-1.pdf Grap
hic file (type pdf)
<use radiomics_USA_January_2022_files/figure-latex/unnamed-chunk-23-1.pdf>
Package pdftex.def Info: radiomics_USA_January_2022_files/figure-latex/unnamed-
chunk-23-1.pdf  used on input line 377.
(pdftex.def)             Requested size: 459.74442pt x 316.19975pt.
<radiomics_USA_January_2022_files/figure-latex/unnamed-chunk-23-2.pdf, id=580, 
459.7175pt x 316.18124pt>
File: radiomics_USA_January_2022_files/figure-latex/unnamed-chunk-23-2.pdf Grap
hic file (type pdf)
<use radiomics_USA_January_2022_files/figure-latex/unnamed-chunk-23-2.pdf>
Package pdftex.def Info: radiomics_USA_January_2022_files/figure-latex/unnamed-
chunk-23-2.pdf  used on input line 378.
(pdftex.def)             Requested size: 459.74442pt x 316.19975pt.
<radiomics_USA_January_2022_files/figure-latex/unnamed-chunk-23-3.pdf, id=581, 
459.7175pt x 316.18124pt>
File: radiomics_USA_January_2022_files/figure-latex/unnamed-chunk-23-3.pdf Grap
hic file (type pdf)
<use radiomics_USA_January_2022_files/figure-latex/unnamed-chunk-23-3.pdf>
Package pdftex.def Info: radiomics_USA_January_2022_files/figure-latex/unnamed-
chunk-23-3.pdf  used on input line 379.
(pdftex.def)             Requested size: 459.74442pt x 316.19975pt.
<radiomics_USA_January_2022_files/figure-latex/unnamed-chunk-23-4.pdf, id=582, 
459.7175pt x 316.18124pt>
File: radiomics_USA_January_2022_files/figure-latex/unnamed-chunk-23-4.pdf Grap
hic file (type pdf)
<use radiomics_USA_January_2022_files/figure-latex/unnamed-chunk-23-4.pdf>
Package pdftex.def Info: radiomics_USA_January_2022_files/figure-latex/unnamed-
chunk-23-4.pdf  used on input line 380.
(pdftex.def)             Requested size: 459.74442pt x 316.19975pt.
<radiomics_USA_January_2022_files/figure-latex/unnamed-chunk-23-5.pdf, id=583, 
459.7175pt x 316.18124pt>
File: radiomics_USA_January_2022_files/figure-latex/unnamed-chunk-23-5.pdf Grap
hic file (type pdf)
<use radiomics_USA_January_2022_files/figure-latex/unnamed-chunk-23-5.pdf>
Package pdftex.def Info: radiomics_USA_January_2022_files/figure-latex/unnamed-
chunk-23-5.pdf  used on input line 381.
(pdftex.def)             Requested size: 459.74442pt x 316.19975pt.
<radiomics_USA_January_2022_files/figure-latex/unnamed-chunk-23-6.pdf, id=584, 
459.7175pt x 316.18124pt>
File: radiomics_USA_January_2022_files/figure-latex/unnamed-chunk-23-6.pdf Grap
hic file (type pdf)
<use radiomics_USA_January_2022_files/figure-latex/unnamed-chunk-23-6.pdf>
Package pdftex.def Info: radiomics_USA_January_2022_files/figure-latex/unnamed-
chunk-23-6.pdf  used on input line 382.
(pdftex.def)             Requested size: 459.74442pt x 316.19975pt.

Underfull \hbox (badness 10000) in paragraph at lines 377--383
[]
 []


Underfull \hbox (badness 10000) in paragraph at lines 377--383
[]
 []


Underfull \hbox (badness 10000) in paragraph at lines 377--383
[]
 []


Underfull \hbox (badness 10000) in paragraph at lines 377--383
[]
 []


Underfull \hbox (badness 10000) in paragraph at lines 377--383
[]
 []

[28 <./radiomics_USA_January_2022_files/figure-latex/unnamed-chunk-21-4.pdf>]
Overfull \vbox (62.57478pt too high) has occurred while \output is active []

[29 <./radiomics_USA_January_2022_files/figure-latex/unnamed-chunk-23-1.pdf> <.
/radiomics_USA_January_2022_files/figure-latex/unnamed-chunk-23-2.pdf>] [30 <./
radiomics_USA_January_2022_files/figure-latex/unnamed-chunk-23-3.pdf> <./radiom
ics_USA_January_2022_files/figure-latex/unnamed-chunk-23-4.pdf>]
Underfull \hbox (badness 10000) in paragraph at lines 390--393

 []

[31 <./radiomics_USA_January_2022_files/figure-latex/unnamed-chunk-23-5.pdf> <.
/radiomics_USA_January_2022_files/figure-latex/unnamed-chunk-23-6.pdf>]
Underfull \hbox (badness 10000) in paragraph at lines 393--396

 []


Underfull \hbox (badness 10000) in paragraph at lines 396--398

 []

<radiomics_USA_January_2022_files/figure-latex/unnamed-chunk-24-1.pdf, id=652, 
464.73625pt x 320.19624pt>
File: radiomics_USA_January_2022_files/figure-latex/unnamed-chunk-24-1.pdf Grap
hic file (type pdf)
<use radiomics_USA_January_2022_files/figure-latex/unnamed-chunk-24-1.pdf>
Package pdftex.def Info: radiomics_USA_January_2022_files/figure-latex/unnamed-
chunk-24-1.pdf  used on input line 420.
(pdftex.def)             Requested size: 464.74219pt x 320.20033pt.
<radiomics_USA_January_2022_files/figure-latex/unnamed-chunk-24-2.pdf, id=653, 
462.72874pt x 320.19624pt>
File: radiomics_USA_January_2022_files/figure-latex/unnamed-chunk-24-2.pdf Grap
hic file (type pdf)
<use radiomics_USA_January_2022_files/figure-latex/unnamed-chunk-24-2.pdf>
Package pdftex.def Info: radiomics_USA_January_2022_files/figure-latex/unnamed-
chunk-24-2.pdf  used on input line 421.
(pdftex.def)             Requested size: 462.73466pt x 320.20033pt.

Underfull \hbox (badness 10000) in paragraph at lines 420--422
[][]
 []

[32]
Underfull \hbox (badness 10000) in paragraph at lines 429--432

 []

[33 <./radiomics_USA_January_2022_files/figure-latex/unnamed-chunk-24-1.pdf> <.
/radiomics_USA_January_2022_files/figure-latex/unnamed-chunk-24-2.pdf>]
Underfull \hbox (badness 10000) in paragraph at lines 432--434

 []


Underfull \hbox (badness 10000) in paragraph at lines 434--436

 []

<radiomics_USA_January_2022_files/figure-latex/unnamed-chunk-25-1.pdf, id=676, 
464.73625pt x 320.19624pt>
File: radiomics_USA_January_2022_files/figure-latex/unnamed-chunk-25-1.pdf Grap
hic file (type pdf)
<use radiomics_USA_January_2022_files/figure-latex/unnamed-chunk-25-1.pdf>
Package pdftex.def Info: radiomics_USA_January_2022_files/figure-latex/unnamed-
chunk-25-1.pdf  used on input line 458.
(pdftex.def)             Requested size: 464.74219pt x 320.20033pt.
<radiomics_USA_January_2022_files/figure-latex/unnamed-chunk-25-2.pdf, id=677, 
462.72874pt x 320.19624pt>
File: radiomics_USA_January_2022_files/figure-latex/unnamed-chunk-25-2.pdf Grap
hic file (type pdf)
<use radiomics_USA_January_2022_files/figure-latex/unnamed-chunk-25-2.pdf>
Package pdftex.def Info: radiomics_USA_January_2022_files/figure-latex/unnamed-
chunk-25-2.pdf  used on input line 459.
(pdftex.def)             Requested size: 462.73466pt x 320.20033pt.

Underfull \hbox (badness 10000) in paragraph at lines 458--460
[][]
 []

[34]
Underfull \hbox (badness 10000) in paragraph at lines 467--470

 []

[35 <./radiomics_USA_January_2022_files/figure-latex/unnamed-chunk-25-1.pdf> <.
/radiomics_USA_January_2022_files/figure-latex/unnamed-chunk-25-2.pdf>]
Underfull \hbox (badness 10000) in paragraph at lines 470--472

 []


Underfull \hbox (badness 10000) in paragraph at lines 472--474

 []

<radiomics_USA_January_2022_files/figure-latex/unnamed-chunk-26-1.pdf, id=700, 
464.73625pt x 320.19624pt>
File: radiomics_USA_January_2022_files/figure-latex/unnamed-chunk-26-1.pdf Grap
hic file (type pdf)
<use radiomics_USA_January_2022_files/figure-latex/unnamed-chunk-26-1.pdf>
Package pdftex.def Info: radiomics_USA_January_2022_files/figure-latex/unnamed-
chunk-26-1.pdf  used on input line 496.
(pdftex.def)             Requested size: 464.74219pt x 320.20033pt.
<radiomics_USA_January_2022_files/figure-latex/unnamed-chunk-26-2.pdf, id=701, 
462.72874pt x 320.19624pt>
File: radiomics_USA_January_2022_files/figure-latex/unnamed-chunk-26-2.pdf Grap
hic file (type pdf)
<use radiomics_USA_January_2022_files/figure-latex/unnamed-chunk-26-2.pdf>
Package pdftex.def Info: radiomics_USA_January_2022_files/figure-latex/unnamed-
chunk-26-2.pdf  used on input line 497.
(pdftex.def)             Requested size: 462.73466pt x 320.20033pt.

Underfull \hbox (badness 10000) in paragraph at lines 496--498
[][]
 []

[36]
Underfull \hbox (badness 10000) in paragraph at lines 505--508

 []

[37 <./radiomics_USA_January_2022_files/figure-latex/unnamed-chunk-26-1.pdf> <.
/radiomics_USA_January_2022_files/figure-latex/unnamed-chunk-26-2.pdf>]
Underfull \hbox (badness 10000) in paragraph at lines 508--510

 []


Underfull \hbox (badness 10000) in paragraph at lines 510--512

 []

<radiomics_USA_January_2022_files/figure-latex/unnamed-chunk-27-1.pdf, id=725, 
464.73625pt x 320.19624pt>
File: radiomics_USA_January_2022_files/figure-latex/unnamed-chunk-27-1.pdf Grap
hic file (type pdf)
<use radiomics_USA_January_2022_files/figure-latex/unnamed-chunk-27-1.pdf>
Package pdftex.def Info: radiomics_USA_January_2022_files/figure-latex/unnamed-
chunk-27-1.pdf  used on input line 534.
(pdftex.def)             Requested size: 464.74219pt x 320.20033pt.
<radiomics_USA_January_2022_files/figure-latex/unnamed-chunk-27-2.pdf, id=726, 
462.72874pt x 320.19624pt>
File: radiomics_USA_January_2022_files/figure-latex/unnamed-chunk-27-2.pdf Grap
hic file (type pdf)
<use radiomics_USA_January_2022_files/figure-latex/unnamed-chunk-27-2.pdf>
Package pdftex.def Info: radiomics_USA_January_2022_files/figure-latex/unnamed-
chunk-27-2.pdf  used on input line 535.
(pdftex.def)             Requested size: 462.73466pt x 320.20033pt.

Underfull \hbox (badness 10000) in paragraph at lines 534--536
[][]
 []

[38]
Package atveryend Info: Empty hook `BeforeClearDocument' on input line 537.
[39 <./radiomics_USA_January_2022_files/figure-latex/unnamed-chunk-27-1.pdf> <.
/radiomics_USA_January_2022_files/figure-latex/unnamed-chunk-27-2.pdf>]
Package atveryend Info: Empty hook `AfterLastShipout' on input line 537.
(./radiomics_USA_January_2022.aux)
Package atveryend Info: Executing hook `AtVeryEndDocument' on input line 537.
Package atveryend Info: Executing hook `AtEndAfterFileList' on input line 537.
Package rerunfilecheck Info: File `radiomics_USA_January_2022.out' has not chan
ged.
(rerunfilecheck)             Checksum: 496C15AE4E929654975542870894C393;7781.
Package atveryend Info: Empty hook `AtVeryVeryEnd' on input line 537.
 ) 
Here is how much of TeX's memory you used:
 10915 strings out of 482841
 175057 string characters out of 5952941
 395453 words of memory out of 5000000
 25976 multiletter control sequences out of 15000+600000
 566665 words of font info for 55 fonts, out of 8000000 for 9000
 14 hyphenation exceptions out of 8191
 43i,6n,37p,561b,459s stack positions out of 5000i,500n,10000p,200000b,80000s
{/Users/au589901/Library/TinyTeX/texmf-dist/fonts/enc/dvips/lm/lm-ec.enc}{/Us
ers/au589901/Library/TinyTeX/texmf-dist/fonts/enc/dvips/lm/lm-ts1.enc}</Users/a
u589901/Library/TinyTeX/texmf-dist/fonts/type1/public/lm/lmbx10.pfb></Users/au5
89901/Library/TinyTeX/texmf-dist/fonts/type1/public/lm/lmbx12.pfb></Users/au589
901/Library/TinyTeX/texmf-dist/fonts/type1/public/lm/lmr10.pfb></Users/au589901
/Library/TinyTeX/texmf-dist/fonts/type1/public/lm/lmr17.pfb></Users/au589901/Li
brary/TinyTeX/texmf-dist/fonts/type1/public/lm/lmtk10.pfb></Users/au589901/Libr
ary/TinyTeX/texmf-dist/fonts/type1/public/lm/lmtt10.pfb></Users/au589901/Librar
y/TinyTeX/texmf-dist/fonts/type1/public/lm/lmtti10.pfb>
Output written on radiomics_USA_January_2022.pdf (39 pages, 2274443 bytes).
PDF statistics:
 796 PDF objects out of 1000 (max. 8388607)
 590 compressed objects within 6 object streams
 70 named destinations out of 1000 (max. 500000)
 488 words of extra memory for PDF output out of 10000 (max. 10000000)

